✅ [SUPERVISOR] Vollständige Pfadliste geladen:
   🔹 /root/AUREON
   🔹 /root/AUREON/.bashrc_alias_patch.sh
   🔹 /root/AUREON/aureon_camera_watch.py
   🔹 /root/AUREON/aureon_listen.py
   🔹 /root/AUREON/aureon_auto_analyse.py
   🔹 /root/AUREON/aureon_ui_old.py
   🔹 /root/AUREON/README.md
   🔹 /root/AUREON/system_status_check.sh
   🔹 /root/AUREON/core_director.py
   🔹 /root/AUREON/aureon_sprache.json
   🔹 /root/AUREON/aureon_master_menu.sh
   🔹 /root/AUREON/AUREON_UI_FIX_PACKAGE.zip
   🔹 /root/AUREON/aureon_dayplan.py
   🔹 /root/AUREON/aureon_autocore.py
   🔹 /root/AUREON/LICENSE.md
   🔹 /root/AUREON/aureon_watchdog_trigger.py
   🔹 /root/AUREON/aureon_voice.py
   🔹 /root/AUREON/.vscode
   🔹 /root/AUREON/aureon_ark.py
   🔹 /root/AUREON/autostart.desktop
   🔹 /root/AUREON/CHRONIK
   🔹 /root/AUREON/CHRONIK/AUREON_GESAMTSYSTEMSTRUKTUR_PFADLISTE.txt
   🔹 /root/AUREON/CHRONIK/AUREON_COSMIC_SYNC_Tagesverlauf_2025-06-24.md
   🔹 /root/AUREON/.git
   🔹 /root/AUREON/.git/branches
   🔹 /root/AUREON/.git/FETCH_HEAD
   🔹 /root/AUREON/.git/ORIG_HEAD
   🔹 /root/AUREON/.git/refs
   🔹 /root/AUREON/.git/refs/tags
   🔹 /root/AUREON/.git/refs/remotes
   🔹 /root/AUREON/.git/refs/remotes/origin
   🔹 /root/AUREON/.git/refs/remotes/origin/main
   🔹 /root/AUREON/.git/refs/heads
   🔹 /root/AUREON/.git/refs/heads/main
   🔹 /root/AUREON/.git/HEAD
   🔹 /root/AUREON/.git/index
   🔹 /root/AUREON/.git/logs
   🔹 /root/AUREON/.git/logs/refs
   🔹 /root/AUREON/.git/logs/refs/remotes
   🔹 /root/AUREON/.git/logs/refs/remotes/origin
   🔹 /root/AUREON/.git/logs/refs/remotes/origin/main
   🔹 /root/AUREON/.git/logs/refs/heads
   🔹 /root/AUREON/.git/logs/refs/heads/main
   🔹 /root/AUREON/.git/logs/HEAD
   🔹 /root/AUREON/.git/hooks
   🔹 /root/AUREON/.git/hooks/update.sample
   🔹 /root/AUREON/.git/hooks/pre-merge-commit.sample
   🔹 /root/AUREON/.git/hooks/commit-msg.sample
   🔹 /root/AUREON/.git/hooks/pre-receive.sample
   🔹 /root/AUREON/.git/hooks/prepare-commit-msg.sample
   🔹 /root/AUREON/.git/hooks/pre-commit.sample
   🔹 /root/AUREON/.git/hooks/sendemail-validate.sample
   🔹 /root/AUREON/.git/hooks/push-to-checkout.sample
   🔹 /root/AUREON/.git/hooks/post-update.sample
   🔹 /root/AUREON/.git/hooks/applypatch-msg.sample
   🔹 /root/AUREON/.git/hooks/fsmonitor-watchman.sample
   🔹 /root/AUREON/.git/hooks/pre-rebase.sample
   🔹 /root/AUREON/.git/hooks/pre-push.sample
   🔹 /root/AUREON/.git/hooks/pre-applypatch.sample
   🔹 /root/AUREON/.git/description
   🔹 /root/AUREON/.git/COMMIT_EDITMSG
   🔹 /root/AUREON/.git/info
   🔹 /root/AUREON/.git/info/exclude
   🔹 /root/AUREON/.git/config
   🔹 /root/AUREON/.git/objects
   🔹 /root/AUREON/.git/objects/c4
   🔹 /root/AUREON/.git/objects/c4/13f6d4f9ac58161212d948823da618e857d25e
   🔹 /root/AUREON/.git/objects/61
   🔹 /root/AUREON/.git/objects/61/abc60fa3430c4bef7e2efa68bc3319ce244ccb
   🔹 /root/AUREON/.git/objects/61/9fe7545134b32e8c00cee958a583a0e70c63ce
   🔹 /root/AUREON/.git/objects/77
   🔹 /root/AUREON/.git/objects/77/ad58d01f8a185f51b756c821516779709cff04
   🔹 /root/AUREON/.git/objects/c2
   🔹 /root/AUREON/.git/objects/c2/866fa4489479b044b4abefcc3ea19efa25ebbd
   🔹 /root/AUREON/.git/objects/09
   🔹 /root/AUREON/.git/objects/09/a5303fabdcd27aa6481bbb3e4cfee9c6f31669
   🔹 /root/AUREON/.git/objects/68
   🔹 /root/AUREON/.git/objects/68/24f7ae8d8757be2fd7cce6b02d6762183cbdb5
   🔹 /root/AUREON/.git/objects/68/97287887dd2e295f22a4ab8a299e514bdefd59
   🔹 /root/AUREON/.git/objects/5f
   🔹 /root/AUREON/.git/objects/5f/dec68ba9945f7126668fb37a1acddd0ee752c7
   🔹 /root/AUREON/.git/objects/dd
   🔹 /root/AUREON/.git/objects/dd/22cbaf3bc1959142330e839c52c2ecfcb003b0
   🔹 /root/AUREON/.git/objects/e1
   🔹 /root/AUREON/.git/objects/e1/e1610765338f8b8a10d2bf3d0bfb6d395b3220
   🔹 /root/AUREON/.git/objects/a0
   🔹 /root/AUREON/.git/objects/a0/351d2fceb18c5afa55adf570c6f91d3e66bd42
   🔹 /root/AUREON/.git/objects/08
   🔹 /root/AUREON/.git/objects/08/d68756fe845658974967065ea6f549525260f3
   🔹 /root/AUREON/.git/objects/ba
   🔹 /root/AUREON/.git/objects/ba/5779108b5e677114a436d364b3bbaabc53da93
   🔹 /root/AUREON/.git/objects/ad
   🔹 /root/AUREON/.git/objects/ad/a5e4b720d471f9e381cb29cfa8164df85b9bf2
   🔹 /root/AUREON/.git/objects/d6
   🔹 /root/AUREON/.git/objects/d6/b68bc643b0b4867e7cfbcc6c753a3e86b7eefe
   🔹 /root/AUREON/.git/objects/5c
   🔹 /root/AUREON/.git/objects/5c/57582db73c216867b98521e262a1146ae61363
   🔹 /root/AUREON/.git/objects/11
   🔹 /root/AUREON/.git/objects/11/02c6267dbb5f181630ae8b788d494c10c1fa1d
   🔹 /root/AUREON/.git/objects/12
   🔹 /root/AUREON/.git/objects/12/f58d155a5909dc928ce5bbd3eb7a5615eed738
   🔹 /root/AUREON/.git/objects/e6
   🔹 /root/AUREON/.git/objects/e6/9de29bb2d1d6434b8b29ae775ad8c2e48c5391
   🔹 /root/AUREON/.git/objects/2f
   🔹 /root/AUREON/.git/objects/2f/63ed0b9a7d8840aeab929a3949ddd106b078cf
   🔹 /root/AUREON/.git/objects/80
   🔹 /root/AUREON/.git/objects/80/ecd6c9e8e0363181a9c69e4535756d2864fc15
   🔹 /root/AUREON/.git/objects/80/bad282c0190dcc95a8f432b935b13b2e509781
   🔹 /root/AUREON/.git/objects/02
   🔹 /root/AUREON/.git/objects/02/b1f0e934038612c96318823ce15f7c70f229cd
   🔹 /root/AUREON/.git/objects/4c
   🔹 /root/AUREON/.git/objects/4c/acd4ef14acb2469c3f52df9a4434c12a03684c
   🔹 /root/AUREON/.git/objects/b3
   🔹 /root/AUREON/.git/objects/b3/80d30c89307272f35ede4741a0c041431ba7f2
   🔹 /root/AUREON/.git/objects/9b
   🔹 /root/AUREON/.git/objects/9b/e26f2cdfcef8ffc4d5f2b00ed91be4cdba8579
   🔹 /root/AUREON/.git/objects/50
   🔹 /root/AUREON/.git/objects/50/bc2347b70ac2b1131321f1d9176bf39934c30c
   🔹 /root/AUREON/.git/objects/37
   🔹 /root/AUREON/.git/objects/37/00e71811dc9c54ca27945428498b78704c77f7
   🔹 /root/AUREON/.git/objects/7b
   🔹 /root/AUREON/.git/objects/7b/004e51045ae62398e7e48ebb556ab5c9a7d319
   🔹 /root/AUREON/.git/objects/fc
   🔹 /root/AUREON/.git/objects/fc/d018529e28bbbf75b38285485a30578a01ad25
   🔹 /root/AUREON/.git/objects/79
   🔹 /root/AUREON/.git/objects/79/2a356ea4ad7826e7c4107ae5e87925959e25c0
   🔹 /root/AUREON/.git/objects/67
   🔹 /root/AUREON/.git/objects/67/11e22a5bf15330031f4210a8498329db861eda
   🔹 /root/AUREON/.git/objects/67/f7c5636206c15dbc79400563a4f18bef172442
   🔹 /root/AUREON/.git/objects/67/324d1a63901533fa0107bfe9d6d91d29194254
   🔹 /root/AUREON/.git/objects/67/4761a97f9433450375fed27e426a227bec1551
   🔹 /root/AUREON/.git/objects/66
   🔹 /root/AUREON/.git/objects/66/ba12ccd04097966f6c8b3bca9485ac9fb9efa8
   🔹 /root/AUREON/.git/objects/a6
   🔹 /root/AUREON/.git/objects/a6/4cc7ae6da4754ce1ab96d97ef20e5ad80cd817
   🔹 /root/AUREON/.git/objects/3b
   🔹 /root/AUREON/.git/objects/3b/3804b781bad9586a43986bdeb1061c0762edce
   🔹 /root/AUREON/.git/objects/ef
   🔹 /root/AUREON/.git/objects/ef/4f559208e64f8500ea74bcf17e8dc2514fe34d
   🔹 /root/AUREON/.git/objects/9c
   🔹 /root/AUREON/.git/objects/9c/dd04bcd16b20a78d1693ab4b8a56237b903844
   🔹 /root/AUREON/.git/objects/6a
   🔹 /root/AUREON/.git/objects/6a/bee391a49893f7dde70ba9032c10c56db86f27
   🔹 /root/AUREON/.git/objects/6a/bfa936444ce108ee249afc1faf047d18f9ed2a
   🔹 /root/AUREON/.git/objects/ab
   🔹 /root/AUREON/.git/objects/ab/ce32a4d51d5ae3ddb1b0cefbc46df16035caa1
   🔹 /root/AUREON/.git/objects/ab/cbf498e2f3e7d86a562432c68ddcfe5b9c3716
   🔹 /root/AUREON/.git/objects/a9
   🔹 /root/AUREON/.git/objects/a9/008161f8a9b0e62ffa27a40351a36c93df58ef
   🔹 /root/AUREON/.git/objects/a9/a430ed7b6579715d1f89e660768b26c9325746
   🔹 /root/AUREON/.git/objects/28
   🔹 /root/AUREON/.git/objects/28/442a41ba24b210ea367794adfc7a759b7577f6
   🔹 /root/AUREON/.git/objects/pack
   🔹 /root/AUREON/.git/objects/6d
   🔹 /root/AUREON/.git/objects/6d/27fdde0d0b617a34b7b76c4b4e8f829e6261d5
   🔹 /root/AUREON/.git/objects/5b
   🔹 /root/AUREON/.git/objects/5b/483c3f2ff57bc5bec902beaeebf0b984dbe181
   🔹 /root/AUREON/.git/objects/8c
   🔹 /root/AUREON/.git/objects/8c/6a78f65b2ecd954cdc4772755a9ab1476de62e
   🔹 /root/AUREON/.git/objects/9d
   🔹 /root/AUREON/.git/objects/9d/b84321dce2f11afda5cfbd41f832476691d249
   🔹 /root/AUREON/.git/objects/9d/70129d9d40631321d92f8a645cc6bae587dd0b
   🔹 /root/AUREON/.git/objects/9d/644ed9a2fcb89d8ae09167a2934ae425e7d4ea
   🔹 /root/AUREON/.git/objects/ec
   🔹 /root/AUREON/.git/objects/ec/730b148391333e03ff1829196c8ceec437348a
   🔹 /root/AUREON/.git/objects/5d
   🔹 /root/AUREON/.git/objects/5d/287742992b707b661156fd52e95e0ed6e00273
   🔹 /root/AUREON/.git/objects/10
   🔹 /root/AUREON/.git/objects/10/b13bfd96a0079e485fa9274692fd374d60c69f
   🔹 /root/AUREON/.git/objects/2a
   🔹 /root/AUREON/.git/objects/2a/6591148c8e7ffe4dc5ed4c8c0ff1851c2322ff
   🔹 /root/AUREON/.git/objects/87
   🔹 /root/AUREON/.git/objects/87/503d94e9438d0e7edac6124cc37ae1beb55e7a
   🔹 /root/AUREON/.git/objects/4a
   🔹 /root/AUREON/.git/objects/4a/1ee9215c4492d256aee233b4c0243e8e96414a
   🔹 /root/AUREON/.git/objects/f9
   🔹 /root/AUREON/.git/objects/f9/dd90cfd166ad2e5c1b300711340d3af46092ec
   🔹 /root/AUREON/.git/objects/fa
   🔹 /root/AUREON/.git/objects/fa/9f6051ab1c07c07896d6b4cf8f0cb6c5b25f61
   🔹 /root/AUREON/.git/objects/c6
   🔹 /root/AUREON/.git/objects/c6/7cf6ed1a314a3163d629d44dbbd42590d076a3
   🔹 /root/AUREON/.git/objects/c6/3c8d2495f167a3321bf07a1acbf75cd29b7f30
   🔹 /root/AUREON/.git/objects/c6/a60dcc823d205ad000b2f3698bb2004e71cd6c
   🔹 /root/AUREON/.git/objects/c6/92f08c989b4a0349ddfa7161c5c1bf55dc11a8
   🔹 /root/AUREON/.git/objects/fe
   🔹 /root/AUREON/.git/objects/fe/10f3cd95b6a43f9d2edea935e719ed0320291c
   🔹 /root/AUREON/.git/objects/info
   🔹 /root/AUREON/.git/objects/81
   🔹 /root/AUREON/.git/objects/81/62f4bf500ebd1a8a28ec71501d36da50e088ad
   🔹 /root/AUREON/.git/objects/69
   🔹 /root/AUREON/.git/objects/69/8e038267c18177ebcc8a4196410cd912498afd
   🔹 /root/AUREON/.git/objects/43
   🔹 /root/AUREON/.git/objects/43/8d9756dd2c273b6e921de27327115762f6c3e8
   🔹 /root/AUREON/.git/objects/43/c6300d649c8eb41096320a3db06476f371693e
   🔹 /root/AUREON/.git/objects/1f
   🔹 /root/AUREON/.git/objects/1f/b54dfec8c3320d18ebc504fd071666096ee04a
   🔹 /root/AUREON/.git/objects/65
   🔹 /root/AUREON/.git/objects/65/5011f6fbef6a4192222454ec4e453afe6e372d
   🔹 /root/AUREON/.git/objects/cb
   🔹 /root/AUREON/.git/objects/cb/9de05033f0638cfef808fdc630ce2446ceea0b
   🔹 /root/AUREON/.git/objects/83
   🔹 /root/AUREON/.git/objects/83/34844842c028cd84267e251e1ceab34e6929b4
   🔹 /root/AUREON/.git/objects/57
   🔹 /root/AUREON/.git/objects/57/52f61c327c053755395e769f9bc4acb98e692b
   🔹 /root/AUREON/.git/objects/d4
   🔹 /root/AUREON/.git/objects/d4/6da6bc4b29aeeb32e80fa4a1da5a9eb648cf53
   🔹 /root/AUREON/activate_speech_module.sh
   🔹 /root/AUREON/AUREON
   🔹 /root/AUREON/AUREON/aureon_camera_watch.py
   🔹 /root/AUREON/AUREON/autostart.desktop
   🔹 /root/AUREON/AUREON/voice_director.py
   🔹 /root/AUREON/AUREON/modules
   🔹 /root/AUREON/AUREON/modules/vision.py
   🔹 /root/AUREON/AUREON/modules/system.py
   🔹 /root/AUREON/AUREON/modules/__init__.py
   🔹 /root/AUREON/AUREON/modules/cosmic.py
   🔹 /root/AUREON/AUREON/modules/analysis.py
   🔹 /root/AUREON/AUREON/assets
   🔹 /root/AUREON/AUREON/assets/aureon_avatar.png
   🔹 /root/AUREON/AUREON/aureon_ui.py
   🔹 /root/AUREON/configs
   🔹 /root/AUREON/aureon_db.json
   🔹 /root/AUREON/aureon_cli.py
   🔹 /root/AUREON/aureon_ui_debug_fixed_v2.py
   🔹 /root/AUREON/README.txt
   🔹 /root/AUREON/logs
   🔹 /root/AUREON/logs/trigger.log
   🔹 /root/AUREON/logs/system_journal.log
   🔹 /root/AUREON/logs/trigger_log.txt
   🔹 /root/AUREON/scan_summary.txt
   🔹 /root/AUREON/aureon_setup_complete.sh
   🔹 /root/AUREON/AUREON.code-workspace
   🔹 /root/AUREON/voice_director.py
   🔹 /root/AUREON/aureon_wsl_scan.txt
   🔹 /root/AUREON/aureon_scanner_wsl.py
   🔹 /root/AUREON/aureon_lux_core_finalum.sh
   🔹 /root/AUREON/modules
   🔹 /root/AUREON/modules/docu_logger.py
   🔹 /root/AUREON/modules/ai_planner.py
   🔹 /root/AUREON/modules/vision.py
   🔹 /root/AUREON/modules/speech_input.py
   🔹 /root/AUREON/modules/task_engine.py
   🔹 /root/AUREON/modules/system.py
   🔹 /root/AUREON/modules/__pycache__
   🔹 /root/AUREON/modules/__pycache__/speech_input.cpython-313.pyc
   🔹 /root/AUREON/modules/__pycache__/task_engine.cpython-313.pyc
   🔹 /root/AUREON/modules/__pycache__/system_monitor.cpython-313.pyc
   🔹 /root/AUREON/modules/__pycache__/ai_planner.cpython-313.pyc
   🔹 /root/AUREON/modules/__pycache__/speech_output.cpython-313.pyc
   🔹 /root/AUREON/modules/__pycache__/__init__.cpython-313.pyc
   🔹 /root/AUREON/modules/__pycache__/docu_logger.cpython-313.pyc
   🔹 /root/AUREON/modules/__init__.py
   🔹 /root/AUREON/modules/cosmic.py
   🔹 /root/AUREON/modules/system_monitor.py
   🔹 /root/AUREON/modules/speech_output.py
   🔹 /root/AUREON/modules/analysis.py
   🔹 /root/AUREON/aureon_brain.py
   🔹 /root/AUREON/aureon_map.html
   🔹 /root/AUREON/aureon_community.py
   🔹 /root/AUREON/.shield
   🔹 /root/AUREON/.shield/aureon_bond.log
   🔹 /root/AUREON/.shield/.aureon_bond.py
   🔹 /root/AUREON/assets
   🔹 /root/AUREON/assets/aureon_avatar.png
   🔹 /root/AUREON/0
   🔹 /root/AUREON/aureon_langgen.py
   🔹 /root/AUREON/wg0-client.conf
   🔹 /root/AUREON/aureon_ui_final.py
   🔹 /root/AUREON/aureon_ui_final_magic.py
   🔹 /root/AUREON/import_os.py
   🔹 /root/AUREON/aureon_master_protect.sh
   🔹 /root/AUREON/aureon_dream.py
   🔹 /root/AUREON/aureon_ui.py
🔒 GitHub nicht verbunden. Setze GH_TOKEN oder führe `gh auth login` aus.
