[10:18:57] 🧠 LEX wird geladen. Initialisierung läuft...
[10:18:57] ✅ LEX ist bereit. Sprich jetzt mit mir, KNEO.
[10:18:57] ❌ Mikrofonfehler: No Default Input Device Available
[10:18:57] ❌ Mikrofonfehler: No Default Input Device Available
[10:18:57] ❌ Mikrofonfehler: No Default Input Device Available
[10:18:57] ❌ Mikrofonfehler: No Default Input Device Available
[10:18:58] ❌ Mikrofonfehler: No Default Input Device Available
[10:18:58] ❌ Mikrofonfehler: No Default Input Device Available
[10:18:58] ❌ Mikrofonfehler: No Default Input Device Available
[10:18:58] ❌ Mikrofonfehler: No Default Input Device Available
[10:18:58] ❌ Mikrofonfehler: No Default Input Device Available
[10:18:58] ❌ Mikrofonfehler: No Default Input Device Available
[10:18:58] ❌ Mikrofonfehler: No Default Input Device Available
[10:18:59] ❌ Mikrofonfehler: No Default Input Device Available
[10:18:59] ❌ Mikrofonfehler: No Default Input Device Available
[10:18:59] ❌ Mikrofonfehler: No Default Input Device Available
[10:18:59] ❌ Mikrofonfehler: No Default Input Device Available
[10:18:59] ❌ Mikrofonfehler: No Default Input Device Available
[10:18:59] ❌ Mikrofonfehler: No Default Input Device Available
[10:18:59] ❌ Mikrofonfehler: No Default Input Device Available
[10:18:59] ❌ Mikrofonfehler: No Default Input Device Available
[10:18:59] ❌ Mikrofonfehler: No Default Input Device Available
[10:19:00] ❌ Mikrofonfehler: No Default Input Device Available
[10:19:00] ❌ Mikrofonfehler: No Default Input Device Available
[10:19:00] ❌ Mikrofonfehler: No Default Input Device Available
[10:19:00] ❌ Mikrofonfehler: No Default Input Device Available
[10:19:00] ❌ Mikrofonfehler: No Default Input Device Available
[10:19:00] ❌ Mikrofonfehler: No Default Input Device Available
[10:19:00] ❌ Mikrofonfehler: No Default Input Device Available
[2025-07-07 10:25:17.599949] USER: LEX Supervisor-Modul aktiv. Ich höre dich, Dennis.
[2025-07-07 10:25:30.174237] EINGABE: alles okay ?
[2025-07-07 10:25:30.174429] USER: Befehl empfangen: alles okay ?
[2025-07-07 10:25:34.031562] USER: Not-Aus erkannt. Ich warte auf den nächsten Start.
[2025-07-07 10:42:33.411441] USER: LEX Supervisor-Modul aktiv. Ich höre dich, Dennis.
[2025-07-07 10:42:33.411442] USER: LEX Supervisor-Modul aktiv. Ich höre dich, Dennis.
[2025-07-07 10:42:39.857875] USER: LEX Supervisor-Modul aktiv. Ich höre dich, Dennis.
[2025-07-07 10:42:39.859999] USER: LEX Supervisor-Modul aktiv. Ich höre dich, Dennis.
[2025-07-07 10:49:30.822558] USER: LEX Supervisor-Modul aktiv. Ich höre dich, Dennis.
[2025-07-07 10:49:30.822512] USER: LEX Supervisor-Modul aktiv. Ich höre dich, Dennis.
